<?xml version="1.0" encoding="UTF-8"?>
<!-- Generated by org.testng.reporters.JUnitReportReporter -->
<testsuite name="module1.Test" tests="2" time="0.025" ignored="0" failures="0" timestamp="15 Feb 2017 09:07:52 GMT" skipped="0" hostname="Deccansoft-6" errors="0">
  <testcase name="Test2" time="0.002" classname="module1.Test"/>
  <testcase name="Test1" time="0.023" classname="module1.Test"/>
</testsuite> <!-- module1.Test -->
