<?xml version="1.0" encoding="UTF-8"?>
<!-- Generated by org.testng.reporters.JUnitReportReporter -->
<testsuite name="Testng_listners.Login" tests="2" time="0.017" ignored="0" failures="0" timestamp="15 Feb 2017 09:07:52 GMT" skipped="0" hostname="Deccansoft-6" errors="0">
  <testcase name="login" time="0.015" classname="Testng_listners.Login"/>
  <testcase name="adminlogin" time="0.002" classname="Testng_listners.Login"/>
</testsuite> <!-- Testng_listners.Login -->
