<?xml version="1.0" encoding="UTF-8"?>
<!-- Generated by org.testng.reporters.JUnitReportReporter -->
<testsuite name="Test4" tests="3" time="0.044" ignored="0" failures="0" timestamp="16 Feb 2017 09:09:13 GMT" skipped="0" hostname="Deccansoft-6" errors="0">
  <testcase name="Logout" time="0.004" classname="Test4"/>
  <testcase name="Login" time="0.036" classname="Test4"/>
  <testcase name="Changepassword" time="0.004" classname="Test4"/>
</testsuite> <!-- Test4 -->
