<?xml version="1.0" encoding="UTF-8"?>
<!-- Generated by org.testng.reporters.JUnitReportReporter -->
<testsuite name="module1.Sample" tests="3" time="0.011" ignored="0" failures="0" timestamp="15 Feb 2017 08:26:50 GMT" skipped="0" hostname="Deccansoft-6" errors="0">
  <testcase name="a" time="0.001" classname="module1.Sample"/>
  <testcase name="f" time="0.005" classname="module1.Sample"/>
  <testcase name="c" time="0.005" classname="module1.Sample"/>
</testsuite> <!-- module1.Sample -->
