<?xml version="1.0" encoding="UTF-8"?>
<!-- Generated by org.testng.reporters.JUnitReportReporter -->
<testsuite name="module1.login" tests="3" time="0.016" ignored="0" failures="0" timestamp="15 Feb 2017 08:26:50 GMT" skipped="0" hostname="Deccansoft-6" errors="0">
  <testcase name="LoginTest" time="0.003" classname="module1.login"/>
  <testcase name="LoginTest" time="0.002" classname="module1.login"/>
  <testcase name="LoginTest" time="0.011" classname="module1.login"/>
</testsuite> <!-- module1.login -->
