<?xml version="1.0" encoding="UTF-8"?>
<!-- Generated by org.testng.reporters.JUnitReportReporter -->
<testsuite name="module1.TestCases" tests="4" time="0.007" ignored="0" failures="0" timestamp="15 Feb 2017 08:26:50 GMT" skipped="0" hostname="Deccansoft-6" errors="0">
  <testcase name="testB" time="0.004" classname="module1.TestCases"/>
  <testcase name="testA" time="0.001" classname="module1.TestCases"/>
  <testcase name="testA" time="0.001" classname="module1.TestCases"/>
  <testcase name="testB" time="0.001" classname="module1.TestCases"/>
</testsuite> <!-- module1.TestCases -->
