<?xml version="1.0" encoding="UTF-8"?>
<!-- Generated by org.testng.reporters.JUnitReportReporter -->
<testsuite name="Test5" tests="4" time="0.016" ignored="0" failures="0" timestamp="16 Feb 2017 10:15:15 GMT" skipped="0" hostname="Deccansoft-6" errors="0">
  <testcase name="testA" time="0.004" classname="Test5"/>
  <testcase name="testA" time="0.012" classname="Test5"/>
  <testcase name="testB" time="0.000" classname="Test5"/>
  <testcase name="testB" time="0.000" classname="Test5"/>
</testsuite> <!-- Test5 -->
