<?xml version="1.0" encoding="UTF-8"?>
<!-- Generated by org.testng.reporters.JUnitReportReporter -->
<testsuite name="module1.Test1" tests="2" time="0.009" ignored="0" failures="0" timestamp="15 Feb 2017 09:07:52 GMT" skipped="0" hostname="Deccansoft-6" errors="0">
  <testcase name="hii" time="0.006" classname="module1.Test1"/>
  <testcase name="hey" time="0.003" classname="module1.Test1"/>
</testsuite> <!-- module1.Test1 -->
